Generated at 2019-11-01 20:11:01 +0200
SystemExit: exit
/opt/chefdk/embedded/lib/ruby/gems/2.5.0/gems/chef-14.5.33/lib/chef/application.rb:388:in `exit'
/opt/chefdk/embedded/lib/ruby/gems/2.5.0/gems/chef-14.5.33/lib/chef/application.rb:388:in `fatal!'
/opt/chefdk/embedded/lib/ruby/gems/2.5.0/gems/chef-14.5.33/lib/chef/application.rb:71:in `block in setup_signal_handlers'
/opt/chefdk/embedded/lib/ruby/gems/2.5.0/gems/mixlib-shellout-2.4.0/lib/mixlib/shellout/unix.rb:371:in `sleep'
/opt/chefdk/embedded/lib/ruby/gems/2.5.0/gems/mixlib-shellout-2.4.0/lib/mixlib/shellout/unix.rb:371:in `reap_errant_child'
/opt/chefdk/embedded/lib/ruby/gems/2.5.0/gems/mixlib-shellout-2.4.0/lib/mixlib/shellout/unix.rb:140:in `ensure in run_command'
/opt/chefdk/embedded/lib/ruby/gems/2.5.0/gems/mixlib-shellout-2.4.0/lib/mixlib/shellout/unix.rb:148:in `run_command'
/opt/chefdk/embedded/lib/ruby/gems/2.5.0/gems/mixlib-shellout-2.4.0/lib/mixlib/shellout.rb:267:in `run_command'
/opt/chefdk/embedded/lib/ruby/gems/2.5.0/gems/chef-14.5.33/lib/chef/mixin/shell_out.rb:234:in `shell_out_command'
/opt/chefdk/embedded/lib/ruby/gems/2.5.0/gems/chef-14.5.33/lib/chef/mixin/shell_out.rb:200:in `shell_out_compacted!'
/opt/chefdk/embedded/lib/ruby/gems/2.5.0/gems/chef-14.5.33/lib/chef/mixin/shell_out.rb:124:in `shell_out!'
/opt/chefdk/embedded/lib/ruby/gems/2.5.0/gems/chef-14.5.33/lib/chef/provider/execute.rb:58:in `block in action_run'
/opt/chefdk/embedded/lib/ruby/gems/2.5.0/gems/chef-14.5.33/lib/chef/mixin/why_run.rb:51:in `add_action'
/opt/chefdk/embedded/lib/ruby/gems/2.5.0/gems/chef-14.5.33/lib/chef/provider.rb:227:in `converge_by'
/opt/chefdk/embedded/lib/ruby/gems/2.5.0/gems/chef-14.5.33/lib/chef/provider/execute.rb:56:in `action_run'
/opt/chefdk/embedded/lib/ruby/gems/2.5.0/gems/chef-14.5.33/lib/chef/provider/script.rb:64:in `action_run'
/opt/chefdk/embedded/lib/ruby/gems/2.5.0/gems/chef-14.5.33/lib/chef/provider.rb:182:in `run_action'
/opt/chefdk/embedded/lib/ruby/gems/2.5.0/gems/chef-14.5.33/lib/chef/resource.rb:577:in `run_action'
/opt/chefdk/embedded/lib/ruby/gems/2.5.0/gems/chef-14.5.33/lib/chef/runner.rb:70:in `run_action'
/opt/chefdk/embedded/lib/ruby/gems/2.5.0/gems/chef-14.5.33/lib/chef/runner.rb:98:in `block (2 levels) in converge'
/opt/chefdk/embedded/lib/ruby/gems/2.5.0/gems/chef-14.5.33/lib/chef/runner.rb:98:in `each'
/opt/chefdk/embedded/lib/ruby/gems/2.5.0/gems/chef-14.5.33/lib/chef/runner.rb:98:in `block in converge'
/opt/chefdk/embedded/lib/ruby/gems/2.5.0/gems/chef-14.5.33/lib/chef/resource_collection/resource_list.rb:94:in `block in execute_each_resource'
/opt/chefdk/embedded/lib/ruby/gems/2.5.0/gems/chef-14.5.33/lib/chef/resource_collection/stepable_iterator.rb:114:in `call_iterator_block'
/opt/chefdk/embedded/lib/ruby/gems/2.5.0/gems/chef-14.5.33/lib/chef/resource_collection/stepable_iterator.rb:85:in `step'
/opt/chefdk/embedded/lib/ruby/gems/2.5.0/gems/chef-14.5.33/lib/chef/resource_collection/stepable_iterator.rb:103:in `iterate'
/opt/chefdk/embedded/lib/ruby/gems/2.5.0/gems/chef-14.5.33/lib/chef/resource_collection/stepable_iterator.rb:55:in `each_with_index'
/opt/chefdk/embedded/lib/ruby/gems/2.5.0/gems/chef-14.5.33/lib/chef/resource_collection/resource_list.rb:92:in `execute_each_resource'
/opt/chefdk/embedded/lib/ruby/gems/2.5.0/gems/chef-14.5.33/lib/chef/runner.rb:97:in `converge'
/opt/chefdk/embedded/lib/ruby/gems/2.5.0/gems/chef-14.5.33/lib/chef/client.rb:720:in `block in converge'
/opt/chefdk/embedded/lib/ruby/gems/2.5.0/gems/chef-14.5.33/lib/chef/client.rb:715:in `catch'
/opt/chefdk/embedded/lib/ruby/gems/2.5.0/gems/chef-14.5.33/lib/chef/client.rb:715:in `converge'
/opt/chefdk/embedded/lib/ruby/gems/2.5.0/gems/chef-14.5.33/lib/chef/client.rb:754:in `converge_and_save'
/opt/chefdk/embedded/lib/ruby/gems/2.5.0/gems/chef-14.5.33/lib/chef/client.rb:286:in `run'
/opt/chefdk/embedded/lib/ruby/gems/2.5.0/gems/chef-14.5.33/lib/chef/application.rb:303:in `run_with_graceful_exit_option'
/opt/chefdk/embedded/lib/ruby/gems/2.5.0/gems/chef-14.5.33/lib/chef/application.rb:279:in `block in run_chef_client'
/opt/chefdk/embedded/lib/ruby/gems/2.5.0/gems/chef-14.5.33/lib/chef/local_mode.rb:44:in `with_server_connectivity'
/opt/chefdk/embedded/lib/ruby/gems/2.5.0/gems/chef-14.5.33/lib/chef/application.rb:261:in `run_chef_client'
/opt/chefdk/embedded/lib/ruby/gems/2.5.0/gems/chef-14.5.33/lib/chef/application/client.rb:440:in `run_application'
/opt/chefdk/embedded/lib/ruby/gems/2.5.0/gems/chef-14.5.33/lib/chef/application.rb:66:in `run'
/opt/chefdk/embedded/lib/ruby/gems/2.5.0/gems/chef-14.5.33/lib/chef/application/solo.rb:224:in `run'
/opt/chefdk/embedded/lib/ruby/gems/2.5.0/gems/chef-14.5.33/bin/chef-solo:24:in `<top (required)>'
/usr/bin/chef-solo:293:in `load'
/usr/bin/chef-solo:293:in `<main>'

>>>> Caused by SystemExit: exit
/opt/chefdk/embedded/lib/ruby/gems/2.5.0/gems/chef-14.5.33/lib/chef/application.rb:388:in `exit'
/opt/chefdk/embedded/lib/ruby/gems/2.5.0/gems/chef-14.5.33/lib/chef/application.rb:388:in `fatal!'
/opt/chefdk/embedded/lib/ruby/gems/2.5.0/gems/chef-14.5.33/lib/chef/application.rb:71:in `block in setup_signal_handlers'
/opt/chefdk/embedded/lib/ruby/gems/2.5.0/gems/mixlib-shellout-2.4.0/lib/mixlib/shellout/unix.rb:277:in `select'
/opt/chefdk/embedded/lib/ruby/gems/2.5.0/gems/mixlib-shellout-2.4.0/lib/mixlib/shellout/unix.rb:277:in `attempt_buffer_read'
/opt/chefdk/embedded/lib/ruby/gems/2.5.0/gems/mixlib-shellout-2.4.0/lib/mixlib/shellout/unix.rb:117:in `run_command'
/opt/chefdk/embedded/lib/ruby/gems/2.5.0/gems/mixlib-shellout-2.4.0/lib/mixlib/shellout.rb:267:in `run_command'
/opt/chefdk/embedded/lib/ruby/gems/2.5.0/gems/chef-14.5.33/lib/chef/mixin/shell_out.rb:234:in `shell_out_command'
/opt/chefdk/embedded/lib/ruby/gems/2.5.0/gems/chef-14.5.33/lib/chef/mixin/shell_out.rb:200:in `shell_out_compacted!'
/opt/chefdk/embedded/lib/ruby/gems/2.5.0/gems/chef-14.5.33/lib/chef/mixin/shell_out.rb:124:in `shell_out!'
/opt/chefdk/embedded/lib/ruby/gems/2.5.0/gems/chef-14.5.33/lib/chef/provider/execute.rb:58:in `block in action_run'
/opt/chefdk/embedded/lib/ruby/gems/2.5.0/gems/chef-14.5.33/lib/chef/mixin/why_run.rb:51:in `add_action'
/opt/chefdk/embedded/lib/ruby/gems/2.5.0/gems/chef-14.5.33/lib/chef/provider.rb:227:in `converge_by'
/opt/chefdk/embedded/lib/ruby/gems/2.5.0/gems/chef-14.5.33/lib/chef/provider/execute.rb:56:in `action_run'
/opt/chefdk/embedded/lib/ruby/gems/2.5.0/gems/chef-14.5.33/lib/chef/provider/script.rb:64:in `action_run'
/opt/chefdk/embedded/lib/ruby/gems/2.5.0/gems/chef-14.5.33/lib/chef/provider.rb:182:in `run_action'
/opt/chefdk/embedded/lib/ruby/gems/2.5.0/gems/chef-14.5.33/lib/chef/resource.rb:577:in `run_action'
/opt/chefdk/embedded/lib/ruby/gems/2.5.0/gems/chef-14.5.33/lib/chef/runner.rb:70:in `run_action'
/opt/chefdk/embedded/lib/ruby/gems/2.5.0/gems/chef-14.5.33/lib/chef/runner.rb:98:in `block (2 levels) in converge'
/opt/chefdk/embedded/lib/ruby/gems/2.5.0/gems/chef-14.5.33/lib/chef/runner.rb:98:in `each'
/opt/chefdk/embedded/lib/ruby/gems/2.5.0/gems/chef-14.5.33/lib/chef/runner.rb:98:in `block in converge'
/opt/chefdk/embedded/lib/ruby/gems/2.5.0/gems/chef-14.5.33/lib/chef/resource_collection/resource_list.rb:94:in `block in execute_each_resource'
/opt/chefdk/embedded/lib/ruby/gems/2.5.0/gems/chef-14.5.33/lib/chef/resource_collection/stepable_iterator.rb:114:in `call_iterator_block'
/opt/chefdk/embedded/lib/ruby/gems/2.5.0/gems/chef-14.5.33/lib/chef/resource_collection/stepable_iterator.rb:85:in `step'
/opt/chefdk/embedded/lib/ruby/gems/2.5.0/gems/chef-14.5.33/lib/chef/resource_collection/stepable_iterator.rb:103:in `iterate'
/opt/chefdk/embedded/lib/ruby/gems/2.5.0/gems/chef-14.5.33/lib/chef/resource_collection/stepable_iterator.rb:55:in `each_with_index'
/opt/chefdk/embedded/lib/ruby/gems/2.5.0/gems/chef-14.5.33/lib/chef/resource_collection/resource_list.rb:92:in `execute_each_resource'
/opt/chefdk/embedded/lib/ruby/gems/2.5.0/gems/chef-14.5.33/lib/chef/runner.rb:97:in `converge'
/opt/chefdk/embedded/lib/ruby/gems/2.5.0/gems/chef-14.5.33/lib/chef/client.rb:720:in `block in converge'
/opt/chefdk/embedded/lib/ruby/gems/2.5.0/gems/chef-14.5.33/lib/chef/client.rb:715:in `catch'
/opt/chefdk/embedded/lib/ruby/gems/2.5.0/gems/chef-14.5.33/lib/chef/client.rb:715:in `converge'
/opt/chefdk/embedded/lib/ruby/gems/2.5.0/gems/chef-14.5.33/lib/chef/client.rb:754:in `converge_and_save'
/opt/chefdk/embedded/lib/ruby/gems/2.5.0/gems/chef-14.5.33/lib/chef/client.rb:286:in `run'
/opt/chefdk/embedded/lib/ruby/gems/2.5.0/gems/chef-14.5.33/lib/chef/application.rb:303:in `run_with_graceful_exit_option'
/opt/chefdk/embedded/lib/ruby/gems/2.5.0/gems/chef-14.5.33/lib/chef/application.rb:279:in `block in run_chef_client'
/opt/chefdk/embedded/lib/ruby/gems/2.5.0/gems/chef-14.5.33/lib/chef/local_mode.rb:44:in `with_server_connectivity'
/opt/chefdk/embedded/lib/ruby/gems/2.5.0/gems/chef-14.5.33/lib/chef/application.rb:261:in `run_chef_client'
/opt/chefdk/embedded/lib/ruby/gems/2.5.0/gems/chef-14.5.33/lib/chef/application/client.rb:440:in `run_application'
/opt/chefdk/embedded/lib/ruby/gems/2.5.0/gems/chef-14.5.33/lib/chef/application.rb:66:in `run'
/opt/chefdk/embedded/lib/ruby/gems/2.5.0/gems/chef-14.5.33/lib/chef/application/solo.rb:224:in `run'
/opt/chefdk/embedded/lib/ruby/gems/2.5.0/gems/chef-14.5.33/bin/chef-solo:24:in `<top (required)>'
/usr/bin/chef-solo:293:in `load'
/usr/bin/chef-solo:293:in `<main>'